app/build/intermediates/manifest_merge_blame_file/debug/manifest-merger-blame-debug-report.txt
1<?xml version="1.0" encoding="utf-8"?>
2<manifest xmlns:android="http://schemas.android.com/apk/res/android"
3    package="com.google.mlkit.samples.vision.digitalink"
4    android:versionCode="1"
5    android:versionName="1.0" >
6
7    <uses-sdk
8        android:minSdkVersion="16"
8-->src/main/AndroidManifest.xml
9        android:targetSdkVersion="30" />
9-->src/main/AndroidManifest.xml
10
11    <uses-permission android:name="android.permission.ACCESS_NETWORK_STATE" />
11-->src/main/AndroidManifest.xml:5:3-77
11-->src/main/AndroidManifest.xml:5:20-74
12    <!-- For downloading -->
13    <uses-permission android:name="android.permission.INTERNET" />
13-->src/main/AndroidManifest.xml:7:3-65
13-->src/main/AndroidManifest.xml:7:20-62
14    <uses-permission android:name="android.permission.WRITE_EXTERNAL_STORAGE" />
14-->src/main/AndroidManifest.xml:8:3-79
14-->src/main/AndroidManifest.xml:8:20-76
15    <uses-permission android:name="android.permission.WAKE_LOCK" />
15-->[androidx.work:work-runtime:2.2.0] AndroidManifest.xml:25:5-68
15-->[androidx.work:work-runtime:2.2.0] AndroidManifest.xml:25:22-65
16    <uses-permission android:name="android.permission.RECEIVE_BOOT_COMPLETED" />
16-->[androidx.work:work-runtime:2.2.0] AndroidManifest.xml:27:5-81
16-->[androidx.work:work-runtime:2.2.0] AndroidManifest.xml:27:22-78
17
18    <application
18-->src/main/AndroidManifest.xml:10:3-38:17
19        android:name="androidx.multidex.MultiDexApplication"
19-->src/main/AndroidManifest.xml:10:16-68
20        android:appComponentFactory="androidx.core.app.CoreComponentFactory"
20-->[androidx.core:core:1.3.1] AndroidManifest.xml:24:18-86
21        android:debuggable="true"
22        android:icon="@mipmap/ic_launcher"
22-->src/main/AndroidManifest.xml:11:7-41
23        android:label="@string/app_name"
23-->src/main/AndroidManifest.xml:11:42-74
24        android:testOnly="true"
25        android:theme="@style/Theme.AppCompat.Light.DarkActionBar" >
25-->src/main/AndroidManifest.xml:12:7-65
26        <activity
26-->src/main/AndroidManifest.xml:14:5-24:16
27            android:name="com.google.mlkit.samples.vision.digitalink.DigitalInkMainActivity"
27-->src/main/AndroidManifest.xml:15:9-89
28            android:exported="true"
28-->src/main/AndroidManifest.xml:17:9-32
29            android:label="@string/title_activity_main"
29-->src/main/AndroidManifest.xml:16:9-52
30            android:screenOrientation="portrait" >
30-->src/main/AndroidManifest.xml:18:9-45
31            <intent-filter>
31-->src/main/AndroidManifest.xml:19:7-23:23
32                <action android:name="android.intent.action.MAIN" />
32-->src/main/AndroidManifest.xml:20:9-61
32-->src/main/AndroidManifest.xml:20:17-58
33
34                <category android:name="android.intent.category.LAUNCHER" />
34-->src/main/AndroidManifest.xml:22:9-69
34-->src/main/AndroidManifest.xml:22:19-66
35            </intent-filter>
36        </activity>
37        <!--
38    Replace the activity declaration above with the following one for trying out the kotlin version of the app.
39    <activity
40       android:name="com.google.mlkit.samples.vision.digitalink.kotlin.DigitalInkMainActivity"
41       android:label="@string/title_activity_main"
42       android:exported="true"
43       android:screenOrientation="portrait" >
44       <intent-filter>
45           <action android:name="android.intent.action.MAIN" />
46
47           <category android:name="android.intent.category.LAUNCHER" />
48       </intent-filter>
49    </activity>
50        -->
51        <service
51-->[com.google.mlkit:digital-ink-recognition:16.2.0] AndroidManifest.xml:12:9-18:19
52            android:name="com.google.mlkit.common.internal.MlKitComponentDiscoveryService"
52-->[com.google.mlkit:digital-ink-recognition:16.2.0] AndroidManifest.xml:13:13-91
53            android:directBootAware="true"
53-->[com.google.mlkit:common:17.1.0] AndroidManifest.xml:17:13-43
54            android:exported="false" >
54-->[com.google.mlkit:digital-ink-recognition:16.2.0] AndroidManifest.xml:14:13-37
55            <meta-data
55-->[com.google.mlkit:digital-ink-recognition:16.2.0] AndroidManifest.xml:15:13-17:85
56                android:name="com.google.firebase.components:com.google.mlkit.vision.digitalink.internal.DigitalInkRecognitionRegistrar"
56-->[com.google.mlkit:digital-ink-recognition:16.2.0] AndroidManifest.xml:16:17-137
57                android:value="com.google.firebase.components.ComponentRegistrar" />
57-->[com.google.mlkit:digital-ink-recognition:16.2.0] AndroidManifest.xml:17:17-82
58            <meta-data
58-->[com.google.mlkit:common:17.1.0] AndroidManifest.xml:20:13-22:85
59                android:name="com.google.firebase.components:com.google.mlkit.common.internal.CommonComponentRegistrar"
59-->[com.google.mlkit:common:17.1.0] AndroidManifest.xml:21:17-120
60                android:value="com.google.firebase.components.ComponentRegistrar" />
60-->[com.google.mlkit:common:17.1.0] AndroidManifest.xml:22:17-82
61        </service>
62
63        <provider
63-->[com.google.mlkit:common:17.1.0] AndroidManifest.xml:9:9-13:38
64            android:name="com.google.mlkit.common.internal.MlKitInitProvider"
64-->[com.google.mlkit:common:17.1.0] AndroidManifest.xml:10:13-78
65            android:authorities="com.google.mlkit.samples.vision.digitalink.mlkitinitprovider"
65-->[com.google.mlkit:common:17.1.0] AndroidManifest.xml:11:13-69
66            android:exported="false"
66-->[com.google.mlkit:common:17.1.0] AndroidManifest.xml:12:13-37
67            android:initOrder="99" />
67-->[com.google.mlkit:common:17.1.0] AndroidManifest.xml:13:13-35
68
69        <activity
69-->[com.google.android.gms:play-services-base:17.6.0] AndroidManifest.xml:23:9-26:75
70            android:name="com.google.android.gms.common.api.GoogleApiActivity"
70-->[com.google.android.gms:play-services-base:17.6.0] AndroidManifest.xml:24:13-79
71            android:exported="false"
71-->[com.google.android.gms:play-services-base:17.6.0] AndroidManifest.xml:25:13-37
72            android:theme="@android:style/Theme.Translucent.NoTitleBar" />
72-->[com.google.android.gms:play-services-base:17.6.0] AndroidManifest.xml:26:13-72
73
74        <meta-data
74-->[com.google.android.gms:play-services-basement:17.6.0] AndroidManifest.xml:23:9-25:69
75            android:name="com.google.android.gms.version"
75-->[com.google.android.gms:play-services-basement:17.6.0] AndroidManifest.xml:24:13-58
76            android:value="@integer/google_play_services_version" />
76-->[com.google.android.gms:play-services-basement:17.6.0] AndroidManifest.xml:25:13-66
77
78        <provider
78-->[androidx.work:work-runtime:2.2.0] AndroidManifest.xml:30:9-36:35
79            android:name="androidx.work.impl.WorkManagerInitializer"
79-->[androidx.work:work-runtime:2.2.0] AndroidManifest.xml:31:13-69
80            android:authorities="com.google.mlkit.samples.vision.digitalink.workmanager-init"
80-->[androidx.work:work-runtime:2.2.0] AndroidManifest.xml:32:13-68
81            android:directBootAware="false"
81-->[androidx.work:work-runtime:2.2.0] AndroidManifest.xml:33:13-44
82            android:exported="false"
82-->[androidx.work:work-runtime:2.2.0] AndroidManifest.xml:34:13-37
83            android:multiprocess="true" />
83-->[androidx.work:work-runtime:2.2.0] AndroidManifest.xml:35:13-40
84
85        <service
85-->[androidx.work:work-runtime:2.2.0] AndroidManifest.xml:38:9-43:35
86            android:name="androidx.work.impl.background.systemalarm.SystemAlarmService"
86-->[androidx.work:work-runtime:2.2.0] AndroidManifest.xml:39:13-88
87            android:directBootAware="false"
87-->[androidx.work:work-runtime:2.2.0] AndroidManifest.xml:40:13-44
88            android:enabled="@bool/enable_system_alarm_service_default"
88-->[androidx.work:work-runtime:2.2.0] AndroidManifest.xml:41:13-72
89            android:exported="false" />
89-->[androidx.work:work-runtime:2.2.0] AndroidManifest.xml:42:13-37
90        <service
90-->[androidx.work:work-runtime:2.2.0] AndroidManifest.xml:44:9-50:35
91            android:name="androidx.work.impl.background.systemjob.SystemJobService"
91-->[androidx.work:work-runtime:2.2.0] AndroidManifest.xml:45:13-84
92            android:directBootAware="false"
92-->[androidx.work:work-runtime:2.2.0] AndroidManifest.xml:46:13-44
93            android:enabled="@bool/enable_system_job_service_default"
93-->[androidx.work:work-runtime:2.2.0] AndroidManifest.xml:47:13-70
94            android:exported="true"
94-->[androidx.work:work-runtime:2.2.0] AndroidManifest.xml:48:13-36
95            android:permission="android.permission.BIND_JOB_SERVICE" />
95-->[androidx.work:work-runtime:2.2.0] AndroidManifest.xml:49:13-69
96
97        <receiver
97-->[androidx.work:work-runtime:2.2.0] AndroidManifest.xml:52:9-57:35
98            android:name="androidx.work.impl.utils.ForceStopRunnable$BroadcastReceiver"
98-->[androidx.work:work-runtime:2.2.0] AndroidManifest.xml:53:13-88
99            android:directBootAware="false"
99-->[androidx.work:work-runtime:2.2.0] AndroidManifest.xml:54:13-44
100            android:enabled="true"
100-->[androidx.work:work-runtime:2.2.0] AndroidManifest.xml:55:13-35
101            android:exported="false" />
101-->[androidx.work:work-runtime:2.2.0] AndroidManifest.xml:56:13-37
102        <receiver
102-->[androidx.work:work-runtime:2.2.0] AndroidManifest.xml:58:9-68:20
103            android:name="androidx.work.impl.background.systemalarm.ConstraintProxy$BatteryChargingProxy"
103-->[androidx.work:work-runtime:2.2.0] AndroidManifest.xml:59:13-106
104            android:directBootAware="false"
104-->[androidx.work:work-runtime:2.2.0] AndroidManifest.xml:60:13-44
105            android:enabled="false"
105-->[androidx.work:work-runtime:2.2.0] AndroidManifest.xml:61:13-36
106            android:exported="false" >
106-->[androidx.work:work-runtime:2.2.0] AndroidManifest.xml:62:13-37
107            <intent-filter>
107-->[androidx.work:work-runtime:2.2.0] AndroidManifest.xml:64:13-67:29
108                <action android:name="android.intent.action.ACTION_POWER_CONNECTED" />
108-->[androidx.work:work-runtime:2.2.0] AndroidManifest.xml:65:17-87
108-->[androidx.work:work-runtime:2.2.0] AndroidManifest.xml:65:25-84
109                <action android:name="android.intent.action.ACTION_POWER_DISCONNECTED" />
109-->[androidx.work:work-runtime:2.2.0] AndroidManifest.xml:66:17-90
109-->[androidx.work:work-runtime:2.2.0] AndroidManifest.xml:66:25-87
110            </intent-filter>
111        </receiver>
112        <receiver
112-->[androidx.work:work-runtime:2.2.0] AndroidManifest.xml:69:9-79:20
113            android:name="androidx.work.impl.background.systemalarm.ConstraintProxy$BatteryNotLowProxy"
113-->[androidx.work:work-runtime:2.2.0] AndroidManifest.xml:70:13-104
114            android:directBootAware="false"
114-->[androidx.work:work-runtime:2.2.0] AndroidManifest.xml:71:13-44
115            android:enabled="false"
115-->[androidx.work:work-runtime:2.2.0] AndroidManifest.xml:72:13-36
116            android:exported="false" >
116-->[androidx.work:work-runtime:2.2.0] AndroidManifest.xml:73:13-37
117            <intent-filter>
117-->[androidx.work:work-runtime:2.2.0] AndroidManifest.xml:75:13-78:29
118                <action android:name="android.intent.action.BATTERY_OKAY" />
118-->[androidx.work:work-runtime:2.2.0] AndroidManifest.xml:76:17-77
118-->[androidx.work:work-runtime:2.2.0] AndroidManifest.xml:76:25-74
119                <action android:name="android.intent.action.BATTERY_LOW" />
119-->[androidx.work:work-runtime:2.2.0] AndroidManifest.xml:77:17-76
119-->[androidx.work:work-runtime:2.2.0] AndroidManifest.xml:77:25-73
120            </intent-filter>
121        </receiver>
122        <receiver
122-->[androidx.work:work-runtime:2.2.0] AndroidManifest.xml:80:9-90:20
123            android:name="androidx.work.impl.background.systemalarm.ConstraintProxy$StorageNotLowProxy"
123-->[androidx.work:work-runtime:2.2.0] AndroidManifest.xml:81:13-104
124            android:directBootAware="false"
124-->[androidx.work:work-runtime:2.2.0] AndroidManifest.xml:82:13-44
125            android:enabled="false"
125-->[androidx.work:work-runtime:2.2.0] AndroidManifest.xml:83:13-36
126            android:exported="false" >
126-->[androidx.work:work-runtime:2.2.0] AndroidManifest.xml:84:13-37
127            <intent-filter>
127-->[androidx.work:work-runtime:2.2.0] AndroidManifest.xml:86:13-89:29
128                <action android:name="android.intent.action.DEVICE_STORAGE_LOW" />
128-->[androidx.work:work-runtime:2.2.0] AndroidManifest.xml:87:17-83
128-->[androidx.work:work-runtime:2.2.0] AndroidManifest.xml:87:25-80
129                <action android:name="android.intent.action.DEVICE_STORAGE_OK" />
129-->[androidx.work:work-runtime:2.2.0] AndroidManifest.xml:88:17-82
129-->[androidx.work:work-runtime:2.2.0] AndroidManifest.xml:88:25-79
130            </intent-filter>
131        </receiver>
132        <receiver
132-->[androidx.work:work-runtime:2.2.0] AndroidManifest.xml:91:9-100:20
133            android:name="androidx.work.impl.background.systemalarm.ConstraintProxy$NetworkStateProxy"
133-->[androidx.work:work-runtime:2.2.0] AndroidManifest.xml:92:13-103
134            android:directBootAware="false"
134-->[androidx.work:work-runtime:2.2.0] AndroidManifest.xml:93:13-44
135            android:enabled="false"
135-->[androidx.work:work-runtime:2.2.0] AndroidManifest.xml:94:13-36
136            android:exported="false" >
136-->[androidx.work:work-runtime:2.2.0] AndroidManifest.xml:95:13-37
137            <intent-filter>
137-->[androidx.work:work-runtime:2.2.0] AndroidManifest.xml:97:13-99:29
138                <action android:name="android.net.conn.CONNECTIVITY_CHANGE" />
138-->[androidx.work:work-runtime:2.2.0] AndroidManifest.xml:98:17-79
138-->[androidx.work:work-runtime:2.2.0] AndroidManifest.xml:98:25-76
139            </intent-filter>
140        </receiver>
141        <receiver
141-->[androidx.work:work-runtime:2.2.0] AndroidManifest.xml:101:9-112:20
142            android:name="androidx.work.impl.background.systemalarm.RescheduleReceiver"
142-->[androidx.work:work-runtime:2.2.0] AndroidManifest.xml:102:13-88
143            android:directBootAware="false"
143-->[androidx.work:work-runtime:2.2.0] AndroidManifest.xml:103:13-44
144            android:enabled="false"
144-->[androidx.work:work-runtime:2.2.0] AndroidManifest.xml:104:13-36
145            android:exported="false" >
145-->[androidx.work:work-runtime:2.2.0] AndroidManifest.xml:105:13-37
146            <intent-filter>
146-->[androidx.work:work-runtime:2.2.0] AndroidManifest.xml:107:13-111:29
147                <action android:name="android.intent.action.BOOT_COMPLETED" />
147-->[androidx.work:work-runtime:2.2.0] AndroidManifest.xml:108:17-79
147-->[androidx.work:work-runtime:2.2.0] AndroidManifest.xml:108:25-76
148                <action android:name="android.intent.action.TIME_SET" />
148-->[androidx.work:work-runtime:2.2.0] AndroidManifest.xml:109:17-73
148-->[androidx.work:work-runtime:2.2.0] AndroidManifest.xml:109:25-70
149                <action android:name="android.intent.action.TIMEZONE_CHANGED" />
149-->[androidx.work:work-runtime:2.2.0] AndroidManifest.xml:110:17-81
149-->[androidx.work:work-runtime:2.2.0] AndroidManifest.xml:110:25-78
150            </intent-filter>
151        </receiver>
152        <receiver
152-->[androidx.work:work-runtime:2.2.0] AndroidManifest.xml:113:9-122:20
153            android:name="androidx.work.impl.background.systemalarm.ConstraintProxyUpdateReceiver"
153-->[androidx.work:work-runtime:2.2.0] AndroidManifest.xml:114:13-99
154            android:directBootAware="false"
154-->[androidx.work:work-runtime:2.2.0] AndroidManifest.xml:115:13-44
155            android:enabled="@bool/enable_system_alarm_service_default"
155-->[androidx.work:work-runtime:2.2.0] AndroidManifest.xml:116:13-72
156            android:exported="false" >
156-->[androidx.work:work-runtime:2.2.0] AndroidManifest.xml:117:13-37
157            <intent-filter>
157-->[androidx.work:work-runtime:2.2.0] AndroidManifest.xml:119:13-121:29
158                <action android:name="androidx.work.impl.background.systemalarm.UpdateProxies" />
158-->[androidx.work:work-runtime:2.2.0] AndroidManifest.xml:120:17-98
158-->[androidx.work:work-runtime:2.2.0] AndroidManifest.xml:120:25-95
159            </intent-filter>
160        </receiver>
161
162        <service
162-->[androidx.room:room-runtime:2.1.0] AndroidManifest.xml:25:9-27:40
163            android:name="androidx.room.MultiInstanceInvalidationService"
163-->[androidx.room:room-runtime:2.1.0] AndroidManifest.xml:26:13-74
164            android:exported="false" />
164-->[androidx.room:room-runtime:2.1.0] AndroidManifest.xml:27:13-37
165        <service
165-->[com.google.android.datatransport:transport-backend-cct:2.3.2] AndroidManifest.xml:29:9-35:19
166            android:name="com.google.android.datatransport.runtime.backends.TransportBackendDiscovery"
166-->[com.google.android.datatransport:transport-backend-cct:2.3.2] AndroidManifest.xml:30:13-103
167            android:exported="false" >
167-->[com.google.android.datatransport:transport-backend-cct:2.3.2] AndroidManifest.xml:31:13-37
168            <meta-data
168-->[com.google.android.datatransport:transport-backend-cct:2.3.2] AndroidManifest.xml:32:13-34:39
169                android:name="backend:com.google.android.datatransport.cct.CctBackendFactory"
169-->[com.google.android.datatransport:transport-backend-cct:2.3.2] AndroidManifest.xml:33:17-94
170                android:value="cct" />
170-->[com.google.android.datatransport:transport-backend-cct:2.3.2] AndroidManifest.xml:34:17-36
171        </service>
172        <service
172-->[com.google.android.datatransport:transport-runtime:2.2.5] AndroidManifest.xml:26:9-30:19
173            android:name="com.google.android.datatransport.runtime.scheduling.jobscheduling.JobInfoSchedulerService"
173-->[com.google.android.datatransport:transport-runtime:2.2.5] AndroidManifest.xml:27:13-117
174            android:exported="false"
174-->[com.google.android.datatransport:transport-runtime:2.2.5] AndroidManifest.xml:28:13-37
175            android:permission="android.permission.BIND_JOB_SERVICE" >
175-->[com.google.android.datatransport:transport-runtime:2.2.5] AndroidManifest.xml:29:13-69
176        </service>
177
178        <receiver
178-->[com.google.android.datatransport:transport-runtime:2.2.5] AndroidManifest.xml:32:9-34:40
179            android:name="com.google.android.datatransport.runtime.scheduling.jobscheduling.AlarmManagerSchedulerBroadcastReceiver"
179-->[com.google.android.datatransport:transport-runtime:2.2.5] AndroidManifest.xml:33:13-132
180            android:exported="false" />
180-->[com.google.android.datatransport:transport-runtime:2.2.5] AndroidManifest.xml:34:13-37
181    </application>
182
183</manifest>